Using pre-set license
Built from '2020.3/staging' branch; Version is '2020.3.17f1 (a4537701e4ab) revision 10769271'; Using compiler version '192528614'; Build Type 'Release'
OS: 'Windows 10 Home; OS build 19043.1348; Version 2009; 64bit' Language: 'en' Physical Memory: 8060 MB
BatchMode: 1, IsHumanControllingUs: 0, StartBugReporterOnCrash: 0, Is64bit: 1, IsPro: 0

COMMAND LINE ARGUMENTS:
D:\Unity\Unity\2020.3.17f1\Editor\Unity.exe
-adb2
-batchMode
-noUpm
-name
AssetImportWorker9
-projectPath
D:/Unity/Unity/Projects/MIX_XR_Project/MIX_XR_Project
-logFile
Logs/AssetImportWorker9.log
-srvPort
54637
Successfully changed project path to: D:/Unity/Unity/Projects/MIX_XR_Project/MIX_XR_Project
D:/Unity/Unity/Projects/MIX_XR_Project/MIX_XR_Project
Using Asset Import Pipeline V2.
Refreshing native plugins compatible for Editor in 279.61 ms, found 8 plugins.
Preloading 1 native plugins for Editor in 2.16 ms.
Initialize engine version: 2020.3.17f1 (a4537701e4ab)
[Subsystems] Discovering subsystems at path D:/Unity/Unity/2020.3.17f1/Editor/Data/Resources/UnitySubsystems
[Subsystems] Discovering subsystems at path D:/Unity/Unity/Projects/MIX_XR_Project/MIX_XR_Project/Assets
GfxDevice: creating device client; threaded=0
Direct3D:
    Version:  Direct3D 11.0 [level 11.1]
    Renderer: NVIDIA GeForce GTX 1050 Ti (ID=0x1c8c)
    Vendor:   
    VRAM:     4021 MB
    Driver:   24.21.13.9826
Initialize mono
Mono path[0] = 'D:/Unity/Unity/2020.3.17f1/Editor/Data/Managed'
Mono path[1] = 'D:/Unity/Unity/2020.3.17f1/Editor/Data/MonoBleedingEdge/lib/mono/unityjit'
Mono config path = 'D:/Unity/Unity/2020.3.17f1/Editor/Data/MonoBleedingEdge/etc'
Using monoOptions --debugger-agent=transport=dt_socket,embedding=1,server=y,suspend=n,address=127.0.0.1:56072
Begin MonoManager ReloadAssembly
Registering precompiled unity dll's ...
Register platform support module: D:/Unity/Unity/2020.3.17f1/Editor/Data/PlaybackEngines/WindowsStandaloneSupport/UnityEditor.WindowsStandalone.Extensions.dll
Registered in 0.002175 seconds.
Native extension for WindowsStandalone target not found
Refreshing native plugins compatible for Editor in 244.00 ms, found 8 plugins.
Preloading 1 native plugins for Editor in 0.22 ms.
Mono: successfully reloaded assembly
- Completed reload, in  3.781 seconds
Domain Reload Profiling:
	ReloadAssembly (3782ms)
		BeginReloadAssembly (105ms)
			ExecutionOrderSort (0ms)
			DisableScriptedObjects (0ms)
			BackupInstance (0ms)
			ReleaseScriptingObjects (0ms)
			CreateAndSetChildDomain (1ms)
		EndReloadAssembly (1279ms)
			LoadAssemblies (103ms)
			RebuildTransferFunctionScriptingTraits (0ms)
			SetupTypeCache (424ms)
			ReleaseScriptCaches (0ms)
			RebuildScriptCaches (119ms)
			SetupLoadedEditorAssemblies (547ms)
				LogAssemblyErrors (0ms)
				InitializePlatformSupportModulesInManaged (14ms)
				SetLoadedEditorAssemblies (1ms)
				RefreshPlugins (245ms)
				BeforeProcessingInitializeOnLoad (39ms)
				ProcessInitializeOnLoadAttributes (194ms)
				ProcessInitializeOnLoadMethodAttributes (54ms)
				AfterProcessingInitializeOnLoad (0ms)
				EditorAssembliesLoaded (0ms)
			ExecutionOrderSort2 (0ms)
			AwakeInstancesAfterBackupRestoration (0ms)
Platform modules already initialized, skipping
Registering precompiled user dll's ...
Registered in 0.016009 seconds.
Begin MonoManager ReloadAssembly
Symbol file data-000002317251FC70 doesn't match image D:\Unity\Unity\Projects\MIX_XR_Project\MIX_XR_Project\Library\ScriptAssemblies\Unity.InputSystem.dll
Symbol file LoadedFromMemory is not a mono symbol file
Native extension for WindowsStandalone target not found
Refreshing native plugins compatible for Editor in 283.35 ms, found 8 plugins.
Preloading 1 native plugins for Editor in 0.10 ms.
[XR] OculusXRPlugin: registering subsystems
[XR] Unable to register display lifecyle provider: [1]
[XR] Oculus Input lifecycle provider registered.
[XR] Unable to register input lifecyle provider: [1]
System.Reflection.TargetInvocationException: Exception has been thrown by the target of an invocation. ---> System.NullReferenceException: Object reference not set to an instance of an object
  at Unity.XR.Oculus.OculusLoader.AssetPathToAbsolutePath (System.String assetPath) [0x0004e] in <0bcb9526cbbd44d3900bc47ec7ace97a>:0 
  at Unity.XR.Oculus.OculusLoader.EditorLoadOVRPlugin () [0x0007b] in <0bcb9526cbbd44d3900bc47ec7ace97a>:0 
  at (wrapper managed-to-native) System.Reflection.MonoMethod.InternalInvoke(System.Reflection.MonoMethod,object,object[],System.Exception&)
  at System.Reflection.MonoMethod.Invoke (System.Object obj, System.Reflection.BindingFlags invokeAttr, System.Reflection.Binder binder, System.Object[] parameters, System.Globalization.CultureInfo culture) [0x00032] in <695d1cc93cca45069c528c15c9fdd749>:0 
   --- End of inner exception stack trace ---
  at System.Reflection.MonoMethod.Invoke (System.Object obj, System.Reflection.BindingFlags invokeAttr, System.Reflection.Binder binder, System.Object[] parameters, System.Globalization.CultureInfo culture) [0x00048] in <695d1cc93cca45069c528c15c9fdd749>:0 
  at System.Reflection.MethodBase.Invoke (System.Object obj, System.Object[] parameters) [0x00000] in <695d1cc93cca45069c528c15c9fdd749>:0 
  at UnityEditor.EditorAssemblies.ProcessInitializeOnLoadMethodAttributes () [0x00047] in <d0e4b8c1204147f3935b6e9c8b8565ad>:0 
UnityEngine.StackTraceUtility:ExtractStackTrace ()
UnityEngine.DebugLogHandler:LogFormat (UnityEngine.LogType,UnityEngine.Object,string,object[])
UnityEngine.Logger:Log (UnityEngine.LogType,object)
UnityEngine.Debug:LogError (object)
UnityEditor.EditorAssemblies:ProcessInitializeOnLoadMethodAttributes ()

Mono: successfully reloaded assembly
- Completed reload, in  6.879 seconds
Domain Reload Profiling:
	ReloadAssembly (6883ms)
		BeginReloadAssembly (375ms)
			ExecutionOrderSort (0ms)
			DisableScriptedObjects (41ms)
			BackupInstance (0ms)
			ReleaseScriptingObjects (0ms)
			CreateAndSetChildDomain (55ms)
		EndReloadAssembly (6367ms)
			LoadAssemblies (2746ms)
			RebuildTransferFunctionScriptingTraits (0ms)
			SetupTypeCache (1236ms)
			ReleaseScriptCaches (1ms)
			RebuildScriptCaches (246ms)
			SetupLoadedEditorAssemblies (1883ms)
				LogAssemblyErrors (0ms)
				InitializePlatformSupportModulesInManaged (7ms)
				SetLoadedEditorAssemblies (0ms)
				RefreshPlugins (284ms)
				BeforeProcessingInitializeOnLoad (262ms)
				ProcessInitializeOnLoadAttributes (1165ms)
				ProcessInitializeOnLoadMethodAttributes (155ms)
				AfterProcessingInitializeOnLoad (9ms)
				EditorAssembliesLoaded (0ms)
			ExecutionOrderSort2 (0ms)
			AwakeInstancesAfterBackupRestoration (15ms)
Platform modules already initialized, skipping
========================================================================
Worker process is ready to serve import requests
Launched and connected shader compiler UnityShaderCompiler.exe after 0.30 seconds
Refreshing native plugins compatible for Editor in 5.87 ms, found 8 plugins.
Preloading 1 native plugins for Editor in 0.21 ms.
Unloading 4034 Unused Serialized files (Serialized files now loaded: 0)
System memory in use before: 174.2 MB.
System memory in use after: 174.4 MB.

Unloading 66 unused Assets to reduce memory usage. Loaded Objects now: 4436.
Total: 128.278500 ms (FindLiveObjects: 0.475200 ms CreateObjectMapping: 0.263100 ms MarkObjects: 126.634900 ms  DeleteObjects: 0.900200 ms)

AssetImportParameters requested are different than current active one (requested -> active):
  custom:framework-win-MediaFoundation: 216162199b28c13a410421893ffa2e32 -> 
  custom:video-decoder-ogg-theora: a1e56fd34408186e4bbccfd4996cb3dc -> 
  custom:container-muxer-webm: aa71ff27fc2769a1b78a27578f13a17b -> 
  custom:container-demuxer-webm: 4f35f7cbe854078d1ac9338744f61a02 -> 
  custom:container-demuxer-ogg: 62fdf1f143b41e24485cea50d1cbac27 -> 
  custom:video-encoder-webm-vp8: eb34c28f22e8b96e1ab97ce403110664 -> 
  custom:video-codec-MediaFoundation-h265: 746d11721c4dcdbdad8f713fa42b33f4 -> 
  custom:video-decoder-webm-vp8: 9c59270c3fd7afecdb556c50c9e8de78 -> 
  custom:audio-decoder-ogg-vorbis: bf7c407c2cedff20999df2af8eb42d56 -> 
  custom:audio-encoder-webm-vorbis: bf7c407c2cedff20999df2af8eb42d56 -> 
========================================================================
Received Import Request.
  path: Assets/Scripts/NetworkManager.cs
  artifactKey: Guid(2d237bb160c8e0944aa8a454529f6fc5) Importer(815301076,1909f56bfc062723c751e8b465ee728b)
Start importing Assets/Scripts/NetworkManager.cs using Guid(2d237bb160c8e0944aa8a454529f6fc5) Importer(815301076,1909f56bfc062723c751e8b465ee728b)  -> (artifact id: 'db4ceb53ee03ffb4f366e70cb7be9eda') in 0.271833 seconds 
  Import took 0.364112 seconds .

========================================================================
Received Prepare
Registering precompiled user dll's ...
Registered in 1.655757 seconds.
Begin MonoManager ReloadAssembly
Symbol file data-0000023174D8E010 doesn't match image D:\Unity\Unity\Projects\MIX_XR_Project\MIX_XR_Project\Library\ScriptAssemblies\Unity.InputSystem.dll
Symbol file LoadedFromMemory is not a mono symbol file
Native extension for WindowsStandalone target not found
Refreshing native plugins compatible for Editor in 6.20 ms, found 8 plugins.
Preloading 1 native plugins for Editor in 0.18 ms.
System.Reflection.TargetInvocationException: Exception has been thrown by the target of an invocation. ---> System.NullReferenceException: Object reference not set to an instance of an object
  at Unity.XR.Oculus.OculusLoader.AssetPathToAbsolutePath (System.String assetPath) [0x0004e] in <0bcb9526cbbd44d3900bc47ec7ace97a>:0 
  at Unity.XR.Oculus.OculusLoader.EditorLoadOVRPlugin () [0x0007b] in <0bcb9526cbbd44d3900bc47ec7ace97a>:0 
  at (wrapper managed-to-native) System.Reflection.MonoMethod.InternalInvoke(System.Reflection.MonoMethod,object,object[],System.Exception&)
  at System.Reflection.MonoMethod.Invoke (System.Object obj, System.Reflection.BindingFlags invokeAttr, System.Reflection.Binder binder, System.Object[] parameters, System.Globalization.CultureInfo culture) [0x00032] in <695d1cc93cca45069c528c15c9fdd749>:0 
   --- End of inner exception stack trace ---
  at System.Reflection.MonoMethod.Invoke (System.Object obj, System.Reflection.BindingFlags invokeAttr, System.Reflection.Binder binder, System.Object[] parameters, System.Globalization.CultureInfo culture) [0x00048] in <695d1cc93cca45069c528c15c9fdd749>:0 
  at System.Reflection.MethodBase.Invoke (System.Object obj, System.Object[] parameters) [0x00000] in <695d1cc93cca45069c528c15c9fdd749>:0 
  at UnityEditor.EditorAssemblies.ProcessInitializeOnLoadMethodAttributes () [0x00047] in <d0e4b8c1204147f3935b6e9c8b8565ad>:0 
UnityEngine.StackTraceUtility:ExtractStackTrace ()
UnityEngine.DebugLogHandler:LogFormat (UnityEngine.LogType,UnityEngine.Object,string,object[])
UnityEngine.Logger:Log (UnityEngine.LogType,object)
UnityEngine.Debug:LogError (object)
UnityEditor.EditorAssemblies:ProcessInitializeOnLoadMethodAttributes ()

Mono: successfully reloaded assembly
- Completed reload, in  6.242 seconds
Domain Reload Profiling:
	ReloadAssembly (6264ms)
		BeginReloadAssembly (1188ms)
			ExecutionOrderSort (0ms)
			DisableScriptedObjects (113ms)
			BackupInstance (0ms)
			ReleaseScriptingObjects (3ms)
			CreateAndSetChildDomain (569ms)
		EndReloadAssembly (4954ms)
			LoadAssemblies (2111ms)
			RebuildTransferFunctionScriptingTraits (0ms)
			SetupTypeCache (838ms)
			ReleaseScriptCaches (2ms)
			RebuildScriptCaches (104ms)
			SetupLoadedEditorAssemblies (1315ms)
				LogAssemblyErrors (0ms)
				InitializePlatformSupportModulesInManaged (23ms)
				SetLoadedEditorAssemblies (3ms)
				RefreshPlugins (7ms)
				BeforeProcessingInitializeOnLoad (250ms)
				ProcessInitializeOnLoadAttributes (847ms)
				ProcessInitializeOnLoadMethodAttributes (176ms)
				AfterProcessingInitializeOnLoad (8ms)
				EditorAssembliesLoaded (1ms)
			ExecutionOrderSort2 (0ms)
			AwakeInstancesAfterBackupRestoration (24ms)
Platform modules already initialized, skipping
Switching build target platform(19) subTarget(0) extendedPlatform(0) -> platform(13) subTarget(524294) extendedPlatform(0)
Refreshing native plugins compatible for Editor in 3.20 ms, found 8 plugins.
Preloading 1 native plugins for Editor in 0.09 ms.
Unloading 3878 Unused Serialized files (Serialized files now loaded: 0)
System memory in use before: 161.9 MB.
System memory in use after: 162.2 MB.

Unloading 58 unused Assets to reduce memory usage. Loaded Objects now: 4441.
Total: 17.796800 ms (FindLiveObjects: 2.904800 ms CreateObjectMapping: 2.377800 ms MarkObjects: 12.376500 ms  DeleteObjects: 0.134400 ms)

AssetImportParameters requested are different than current active one (requested -> active):
  custom:framework-win-MediaFoundation: 216162199b28c13a410421893ffa2e32 -> 
  custom:video-decoder-ogg-theora: a1e56fd34408186e4bbccfd4996cb3dc -> 
  custom:container-muxer-webm: aa71ff27fc2769a1b78a27578f13a17b -> 
  custom:container-demuxer-webm: 4f35f7cbe854078d1ac9338744f61a02 -> 
  custom:container-demuxer-ogg: 62fdf1f143b41e24485cea50d1cbac27 -> 
  custom:video-encoder-webm-vp8: eb34c28f22e8b96e1ab97ce403110664 -> 
  custom:video-codec-MediaFoundation-h265: 746d11721c4dcdbdad8f713fa42b33f4 -> 
  custom:video-decoder-webm-vp8: 9c59270c3fd7afecdb556c50c9e8de78 -> 
  custom:graphics/normal-map-encoding: 01000000000000000000000000000000 -> 02000000000000000000000000000000
  custom:audio-decoder-ogg-vorbis: bf7c407c2cedff20999df2af8eb42d56 -> 
  custom:audio-encoder-webm-vorbis: bf7c407c2cedff20999df2af8eb42d56 -> 
========================================================================
Received Import Request.
  Time since last request: 3996.713798 seconds.
  path: Assets/Scenes/VR Bowling.unity
  artifactKey: Guid(80da8a45d169c104f94032d091b1d3bc) Importer(815301076,1909f56bfc062723c751e8b465ee728b)
Start importing Assets/Scenes/VR Bowling.unity using Guid(80da8a45d169c104f94032d091b1d3bc) Importer(815301076,1909f56bfc062723c751e8b465ee728b)  -> (artifact id: 'e8eef09be961706745057b3e80a795bf') in 0.056661 seconds 
  Import took 0.202296 seconds .

========================================================================
Received Import Request.
  Time since last request: 63.757165 seconds.
  path: Assets/Models/Main Scene
  artifactKey: Guid(6763f2a853092c94689f093f829534ac) Importer(815301076,1909f56bfc062723c751e8b465ee728b)
Start importing Assets/Models/Main Scene using Guid(6763f2a853092c94689f093f829534ac) Importer(815301076,1909f56bfc062723c751e8b465ee728b)  -> (artifact id: 'cfb8179f8fa4db65bd7da3a47102d99f') in 0.002826 seconds 
  Import took 0.013493 seconds .

========================================================================
Received Import Request.
  Time since last request: 0.002606 seconds.
  path: Assets/Models/Main Scene
  artifactKey: Guid(6763f2a853092c94689f093f829534ac) Importer(815301076,1909f56bfc062723c751e8b465ee728b)
Start importing Assets/Models/Main Scene using Guid(6763f2a853092c94689f093f829534ac) Importer(815301076,1909f56bfc062723c751e8b465ee728b)  -> (artifact id: 'cfb8179f8fa4db65bd7da3a47102d99f') in 0.028653 seconds 
  Import took 0.068418 seconds .

========================================================================
Received Import Request.
  Time since last request: 0.040993 seconds.
  path: Assets/Models/Main Scene/BowlingPin (1).fbx
  artifactKey: Guid(13d710d03ad366a46bb786034c785cbd) Importer(815301076,1909f56bfc062723c751e8b465ee728b)
Start importing Assets/Models/Main Scene/BowlingPin (1).fbx using Guid(13d710d03ad366a46bb786034c785cbd) Importer(815301076,1909f56bfc062723c751e8b465ee728b)  -> (artifact id: '83f26703fbdb55d036ff8dc7c50053f0') in 1.735114 seconds 
  Import took 1.756508 seconds .

========================================================================
Received Import Request.
  Time since last request: 0.000353 seconds.
  path: Assets/Models/Main Scene/Pedestal.prefab
  artifactKey: Guid(eec40df401753e74a9a1d3a02ee0a65d) Importer(815301076,1909f56bfc062723c751e8b465ee728b)
Start importing Assets/Models/Main Scene/Pedestal.prefab using Guid(eec40df401753e74a9a1d3a02ee0a65d) Importer(815301076,1909f56bfc062723c751e8b465ee728b)  -> (artifact id: '898c88a58b7cb1851811ed68b04d87ea') in 0.114246 seconds 
  Import took 0.127285 seconds .

========================================================================
Received Import Request.
  Time since last request: 0.003068 seconds.
  path: Assets/Models/Main Scene/Pedestal.prefab
  artifactKey: Guid(eec40df401753e74a9a1d3a02ee0a65d) Importer(815301076,1909f56bfc062723c751e8b465ee728b)
Start importing Assets/Models/Main Scene/Pedestal.prefab using Guid(eec40df401753e74a9a1d3a02ee0a65d) Importer(815301076,1909f56bfc062723c751e8b465ee728b)  -> (artifact id: '898c88a58b7cb1851811ed68b04d87ea') in 0.039832 seconds 
  Import took 0.051765 seconds .

========================================================================
Received Import Request.
  Time since last request: 6.418783 seconds.
  path: Assets/Models/Main Scene/Bowling ball blue.prefab
  artifactKey: Guid(8d444887fd5721c41a0e8c3bac053839) Importer(815301076,1909f56bfc062723c751e8b465ee728b)
Start importing Assets/Models/Main Scene/Bowling ball blue.prefab using Guid(8d444887fd5721c41a0e8c3bac053839) Importer(815301076,1909f56bfc062723c751e8b465ee728b)  -> (artifact id: '42f10866f67bfa3907505e338d33c6e6') in 0.213501 seconds 
  Import took 0.225214 seconds .

========================================================================
Received Import Request.
  Time since last request: 366.085438 seconds.
  path: Assets/Scenes/VR Bowling.unity
  artifactKey: Guid(80da8a45d169c104f94032d091b1d3bc) Importer(815301076,1909f56bfc062723c751e8b465ee728b)
Start importing Assets/Scenes/VR Bowling.unity using Guid(80da8a45d169c104f94032d091b1d3bc) Importer(815301076,1909f56bfc062723c751e8b465ee728b)  -> (artifact id: '29fefe968cf326c055a69aae8a3c1da1') in 0.040077 seconds 
  Import took 0.066823 seconds .

========================================================================
Received Import Request.
  Time since last request: 1612.153556 seconds.
  path: Assets/Models/Main Scene/BowlingPin (1).fbx
  artifactKey: Guid(13d710d03ad366a46bb786034c785cbd) Importer(815301076,1909f56bfc062723c751e8b465ee728b)
Start importing Assets/Models/Main Scene/BowlingPin (1).fbx using Guid(13d710d03ad366a46bb786034c785cbd) Importer(815301076,1909f56bfc062723c751e8b465ee728b)  -> (artifact id: '952c8687e660f8f2ddb0c18479f18865') in 0.538879 seconds 
  Import took 0.720071 seconds .

========================================================================
Received Import Request.
  Time since last request: 0.006596 seconds.
  path: Assets/Models/Main Scene/BowlingPin (1).fbx
  artifactKey: Guid(13d710d03ad366a46bb786034c785cbd) Importer(815301076,1909f56bfc062723c751e8b465ee728b)
Start importing Assets/Models/Main Scene/BowlingPin (1).fbx using Guid(13d710d03ad366a46bb786034c785cbd) Importer(815301076,1909f56bfc062723c751e8b465ee728b)  -> (artifact id: '952c8687e660f8f2ddb0c18479f18865') in 0.058872 seconds 
  Import took 0.072948 seconds .

========================================================================
Received Import Request.
  Time since last request: 578.610475 seconds.
  path: Assets/Free/Wooden Floor Pack
  artifactKey: Guid(9b8a251de48bd2e4088425174c1b495f) Importer(815301076,1909f56bfc062723c751e8b465ee728b)
Start importing Assets/Free/Wooden Floor Pack using Guid(9b8a251de48bd2e4088425174c1b495f) Importer(815301076,1909f56bfc062723c751e8b465ee728b)  -> (artifact id: '78a90c97d5aca00767933382cc095d42') in 0.038818 seconds 
  Import took 0.149292 seconds .

========================================================================
Received Import Request.
  Time since last request: 1.724608 seconds.
  path: Assets/Free/Wooden Floor Pack/Materials
  artifactKey: Guid(823577bfc22dbd8408bcd784df97cfed) Importer(815301076,1909f56bfc062723c751e8b465ee728b)
Start importing Assets/Free/Wooden Floor Pack/Materials using Guid(823577bfc22dbd8408bcd784df97cfed) Importer(815301076,1909f56bfc062723c751e8b465ee728b)  -> (artifact id: '8554efb73519c03b0bdf5d7b34e6093b') in 0.009048 seconds 
  Import took 0.053124 seconds .

========================================================================
Received Import Request.
  Time since last request: 0.098097 seconds.
  path: Assets/Free/Wooden Floor Pack/Materials/Wooden Floor 2.mat
  artifactKey: Guid(7e57d6bb6a6a1b74795062b56af48f40) Importer(815301076,1909f56bfc062723c751e8b465ee728b)
Start importing Assets/Free/Wooden Floor Pack/Materials/Wooden Floor 2.mat using Guid(7e57d6bb6a6a1b74795062b56af48f40) Importer(815301076,1909f56bfc062723c751e8b465ee728b)  -> (artifact id: '052766992da74d8162d363386ea02da2') in 3.403328 seconds 
  Import took 3.455615 seconds .

========================================================================
Received Import Request.
  Time since last request: 0.000705 seconds.
  path: Assets/Free/Wooden Floor Pack/Materials/Wooden Floor 3.mat
  artifactKey: Guid(bf276f53291eddb4d9053d2ae81ca063) Importer(815301076,1909f56bfc062723c751e8b465ee728b)
Start importing Assets/Free/Wooden Floor Pack/Materials/Wooden Floor 3.mat using Guid(bf276f53291eddb4d9053d2ae81ca063) Importer(815301076,1909f56bfc062723c751e8b465ee728b)  -> (artifact id: '2eaf2a7db1cac474c28e137f0b0fcf0b') in 0.601174 seconds 
  Import took 0.647787 seconds .

========================================================================
Received Import Request.
  Time since last request: 0.001239 seconds.
  path: Assets/Free/Wooden Floor Pack/Materials/Wooden Floor 4.mat
  artifactKey: Guid(b00045d5b284de34ea2e777e68ea2dfe) Importer(815301076,1909f56bfc062723c751e8b465ee728b)
Start importing Assets/Free/Wooden Floor Pack/Materials/Wooden Floor 4.mat using Guid(b00045d5b284de34ea2e777e68ea2dfe) Importer(815301076,1909f56bfc062723c751e8b465ee728b)  -> (artifact id: '773d96e825e607c989ea0e910df5ed74') in 0.587223 seconds 
  Import took 0.626887 seconds .

========================================================================
Received Import Request.
  Time since last request: 0.000362 seconds.
  path: Assets/Free/Wooden Floor Pack/Materials/Wooden Floor.mat
  artifactKey: Guid(5de9b7ba7a360b7409c89428c77dd241) Importer(815301076,1909f56bfc062723c751e8b465ee728b)
Start importing Assets/Free/Wooden Floor Pack/Materials/Wooden Floor.mat using Guid(5de9b7ba7a360b7409c89428c77dd241) Importer(815301076,1909f56bfc062723c751e8b465ee728b)  -> (artifact id: '929259da0f647da85f46d753462490f7') in 0.587273 seconds 
  Import took 0.675029 seconds .

========================================================================
Received Import Request.
  Time since last request: 3.712766 seconds.
  path: Assets/Free/Wooden Floor Pack/Textures/Wooden Floor
  artifactKey: Guid(41e485d614b14d64698328c400d3ae48) Importer(815301076,1909f56bfc062723c751e8b465ee728b)
Start importing Assets/Free/Wooden Floor Pack/Textures/Wooden Floor using Guid(41e485d614b14d64698328c400d3ae48) Importer(815301076,1909f56bfc062723c751e8b465ee728b)  -> (artifact id: 'd7cfcab754dc3d2e42eb5bf002c2c443') in 0.005120 seconds 
  Import took 0.045581 seconds .

========================================================================
Received Import Request.
  Time since last request: 0.092652 seconds.
  path: Assets/Free/Wooden Floor Pack/Textures/Wooden Floor/Wooden Floor_4K_Albedo.tga
  artifactKey: Guid(8e343a29d61854e4ea2e2d3a6d86f82c) Importer(815301076,1909f56bfc062723c751e8b465ee728b)
Start importing Assets/Free/Wooden Floor Pack/Textures/Wooden Floor/Wooden Floor_4K_Albedo.tga using Guid(8e343a29d61854e4ea2e2d3a6d86f82c) Importer(815301076,1909f56bfc062723c751e8b465ee728b)  -> (artifact id: 'a3980fd2a31efac4ffc4515d3dced5d3') in 0.301151 seconds 
  Import took 0.327390 seconds .

========================================================================
Received Import Request.
  Time since last request: 0.000827 seconds.
  path: Assets/Free/Wooden Floor Pack/Textures/Wooden Floor/Wooden Floor_4K_Metalness.tga
  artifactKey: Guid(7e834f07a4703ef43bc7966cfb2b793b) Importer(815301076,1909f56bfc062723c751e8b465ee728b)
Start importing Assets/Free/Wooden Floor Pack/Textures/Wooden Floor/Wooden Floor_4K_Metalness.tga using Guid(7e834f07a4703ef43bc7966cfb2b793b) Importer(815301076,1909f56bfc062723c751e8b465ee728b)  -> (artifact id: 'f4a9f85fd3b15af3fa53cac4287d4b19') in 0.124458 seconds 
  Import took 0.159384 seconds .

========================================================================
Received Import Request.
  Time since last request: 0.000320 seconds.
  path: Assets/Free/Wooden Floor Pack/Textures/Wooden Floor/Wooden Floor_4K_Gloss.tga
  artifactKey: Guid(f5e6c3e070d732c47bc9f7b02c519e31) Importer(815301076,1909f56bfc062723c751e8b465ee728b)
Start importing Assets/Free/Wooden Floor Pack/Textures/Wooden Floor/Wooden Floor_4K_Gloss.tga using Guid(f5e6c3e070d732c47bc9f7b02c519e31) Importer(815301076,1909f56bfc062723c751e8b465ee728b)  -> (artifact id: '6ab65d06330c7d86cdd5b753ea43bd5b') in 0.137459 seconds 
  Import took 0.183758 seconds .

========================================================================
Received Import Request.
  Time since last request: 0.000345 seconds.
  path: Assets/Free/Wooden Floor Pack/Textures/Wooden Floor/Wooden Floor_4K_Roughness.tga
  artifactKey: Guid(7136ec304def3064fb21aa4ba8a0502e) Importer(815301076,1909f56bfc062723c751e8b465ee728b)
Start importing Assets/Free/Wooden Floor Pack/Textures/Wooden Floor/Wooden Floor_4K_Roughness.tga using Guid(7136ec304def3064fb21aa4ba8a0502e) Importer(815301076,1909f56bfc062723c751e8b465ee728b)  -> (artifact id: 'bdf01f1b36e0cee987bcad3eb43aac37') in 0.130768 seconds 
  Import took 0.176158 seconds .

========================================================================
Received Import Request.
  Time since last request: 0.000280 seconds.
  path: Assets/Free/Wooden Floor Pack/Textures/Wooden Floor/Wooden Floor_4K_Normal.tga
  artifactKey: Guid(3dd2c9f9f13e2984fb0a63f13569bf18) Importer(815301076,1909f56bfc062723c751e8b465ee728b)
Start importing Assets/Free/Wooden Floor Pack/Textures/Wooden Floor/Wooden Floor_4K_Normal.tga using Guid(3dd2c9f9f13e2984fb0a63f13569bf18) Importer(815301076,1909f56bfc062723c751e8b465ee728b)  -> (artifact id: '19e954d958f48808cb75119b90a4f953') in 0.102140 seconds 
  Import took 0.125136 seconds .

========================================================================
Received Import Request.
  Time since last request: 0.000273 seconds.
  path: Assets/Free/Wooden Floor Pack/Textures/Wooden Floor/Wooden Floor_4K_Displacement.tga
  artifactKey: Guid(d0340bf4adec4614190161165489af27) Importer(815301076,1909f56bfc062723c751e8b465ee728b)
Start importing Assets/Free/Wooden Floor Pack/Textures/Wooden Floor/Wooden Floor_4K_Displacement.tga using Guid(d0340bf4adec4614190161165489af27) Importer(815301076,1909f56bfc062723c751e8b465ee728b)  -> (artifact id: '0fc6d1c3adacd0cb7300bba400748295') in 0.102933 seconds 
  Import took 0.139008 seconds .

========================================================================
Received Import Request.
  Time since last request: 77.636928 seconds.
  path: Assets/Free/Wooden Floor Pack/Textures/Wooden Floor2/Wooden Floor2_4K_Albedo.tga
  artifactKey: Guid(bf20028737caea2408056161cb347fa9) Importer(815301076,1909f56bfc062723c751e8b465ee728b)
Start importing Assets/Free/Wooden Floor Pack/Textures/Wooden Floor2/Wooden Floor2_4K_Albedo.tga using Guid(bf20028737caea2408056161cb347fa9) Importer(815301076,1909f56bfc062723c751e8b465ee728b)  -> (artifact id: 'c2291b99e2bc712b4bd1e7e385c2385d') in 0.087222 seconds 
  Import took 0.127687 seconds .

========================================================================
Received Import Request.
  Time since last request: 0.000326 seconds.
  path: Assets/Free/Wooden Floor Pack/Textures/Wooden Floor2/Wooden Floor2_4K_Displacement.tga
  artifactKey: Guid(079f5a1f3a99b5b45b859abf658a294d) Importer(815301076,1909f56bfc062723c751e8b465ee728b)
Start importing Assets/Free/Wooden Floor Pack/Textures/Wooden Floor2/Wooden Floor2_4K_Displacement.tga using Guid(079f5a1f3a99b5b45b859abf658a294d) Importer(815301076,1909f56bfc062723c751e8b465ee728b)  -> (artifact id: 'babecb902c1a03567b1b0cfea9384825') in 0.144963 seconds 
  Import took 0.217144 seconds .

========================================================================
Received Import Request.
  Time since last request: 0.000280 seconds.
  path: Assets/Free/Wooden Floor Pack/Textures/Wooden Floor2/Wooden Floor2_4K_Metalness.tga
  artifactKey: Guid(c7e63f17374c41f408fcb8b7db64cdeb) Importer(815301076,1909f56bfc062723c751e8b465ee728b)
Start importing Assets/Free/Wooden Floor Pack/Textures/Wooden Floor2/Wooden Floor2_4K_Metalness.tga using Guid(c7e63f17374c41f408fcb8b7db64cdeb) Importer(815301076,1909f56bfc062723c751e8b465ee728b)  -> (artifact id: '9ae8fd3d062e3378536a855a4f93476e') in 0.079173 seconds 
  Import took 0.183804 seconds .

========================================================================
Received Import Request.
  Time since last request: 0.000600 seconds.
  path: Assets/Free/Wooden Floor Pack/Textures/Wooden Floor2/Wooden Floor2_4K_Normal.tga
  artifactKey: Guid(a30d68615ce3b244d8f5262280bf3d81) Importer(815301076,1909f56bfc062723c751e8b465ee728b)
Start importing Assets/Free/Wooden Floor Pack/Textures/Wooden Floor2/Wooden Floor2_4K_Normal.tga using Guid(a30d68615ce3b244d8f5262280bf3d81) Importer(815301076,1909f56bfc062723c751e8b465ee728b)  -> (artifact id: '51e51d1623aa86a42ca21be1a972ada0') in 0.157006 seconds 
  Import took 0.194088 seconds .

========================================================================
Received Import Request.
  Time since last request: 0.000392 seconds.
  path: Assets/Free/Wooden Floor Pack/Textures/Wooden Floor2/Wooden Floor2_4K_Roughness.tga
  artifactKey: Guid(3ae19a12eaa045b4eaaf1bb32fe82f2e) Importer(815301076,1909f56bfc062723c751e8b465ee728b)
Start importing Assets/Free/Wooden Floor Pack/Textures/Wooden Floor2/Wooden Floor2_4K_Roughness.tga using Guid(3ae19a12eaa045b4eaaf1bb32fe82f2e) Importer(815301076,1909f56bfc062723c751e8b465ee728b)  -> (artifact id: '1f05944dacebb51d4d77a870c8a631e4') in 0.124747 seconds 
  Import took 0.152479 seconds .

========================================================================
Received Import Request.
  Time since last request: 0.000261 seconds.
  path: Assets/Free/Wooden Floor Pack/Textures/Wooden Floor2/Wooden Floor2_4K_Gloss.tga
  artifactKey: Guid(167cead128e3a7648a4cf839716af3bf) Importer(815301076,1909f56bfc062723c751e8b465ee728b)
Start importing Assets/Free/Wooden Floor Pack/Textures/Wooden Floor2/Wooden Floor2_4K_Gloss.tga using Guid(167cead128e3a7648a4cf839716af3bf) Importer(815301076,1909f56bfc062723c751e8b465ee728b)  -> (artifact id: 'f07cc7ea4a9d6f93954e8b24fc589b17') in 0.083245 seconds 
  Import took 0.121821 seconds .

========================================================================
Received Import Request.
  Time since last request: 43.804380 seconds.
  path: Assets/Free/Wooden Floor Pack/Textures/Wooden Floor3/Wooden Floor3_4K_Albedo.tga
  artifactKey: Guid(da92a2728ea126944b4cf518d141d499) Importer(815301076,1909f56bfc062723c751e8b465ee728b)
Start importing Assets/Free/Wooden Floor Pack/Textures/Wooden Floor3/Wooden Floor3_4K_Albedo.tga using Guid(da92a2728ea126944b4cf518d141d499) Importer(815301076,1909f56bfc062723c751e8b465ee728b)  -> (artifact id: '8c6c47c8167220785cc7290523362ee8') in 0.119053 seconds 
  Import took 0.154349 seconds .

========================================================================
Received Import Request.
  Time since last request: 0.000344 seconds.
  path: Assets/Free/Wooden Floor Pack/Textures/Wooden Floor3/Wooden Floor3_4K_Roughness.tga
  artifactKey: Guid(a752bb8b426c8df4493608bae16acc3d) Importer(815301076,1909f56bfc062723c751e8b465ee728b)
Start importing Assets/Free/Wooden Floor Pack/Textures/Wooden Floor3/Wooden Floor3_4K_Roughness.tga using Guid(a752bb8b426c8df4493608bae16acc3d) Importer(815301076,1909f56bfc062723c751e8b465ee728b)  -> (artifact id: '20ffb1685b2a9cbb8bfc8d5fbc231eac') in 0.146693 seconds 
  Import took 0.218450 seconds .

========================================================================
Received Import Request.
  Time since last request: 0.000471 seconds.
  path: Assets/Free/Wooden Floor Pack/Textures/Wooden Floor3/Wooden Floor3_4K_Normal.tga
  artifactKey: Guid(80316b94a51a50e4785eae051a18d94e) Importer(815301076,1909f56bfc062723c751e8b465ee728b)
Start importing Assets/Free/Wooden Floor Pack/Textures/Wooden Floor3/Wooden Floor3_4K_Normal.tga using Guid(80316b94a51a50e4785eae051a18d94e) Importer(815301076,1909f56bfc062723c751e8b465ee728b)  -> (artifact id: '61d6b7f38a741590c1a08adeb1928742') in 0.094709 seconds 
  Import took 0.111407 seconds .

========================================================================
Received Import Request.
  Time since last request: 0.000543 seconds.
  path: Assets/Free/Wooden Floor Pack/Textures/Wooden Floor3/Wooden Floor3_4K_Gloss.tga
  artifactKey: Guid(2d48024116e45de41a2b9278769a9750) Importer(815301076,1909f56bfc062723c751e8b465ee728b)
Start importing Assets/Free/Wooden Floor Pack/Textures/Wooden Floor3/Wooden Floor3_4K_Gloss.tga using Guid(2d48024116e45de41a2b9278769a9750) Importer(815301076,1909f56bfc062723c751e8b465ee728b)  -> (artifact id: '992638610457d975acbde34d5056e1b0') in 0.138661 seconds 
  Import took 0.186265 seconds .

========================================================================
Received Import Request.
  Time since last request: 0.000489 seconds.
  path: Assets/Free/Wooden Floor Pack/Textures/Wooden Floor4/Wooden Floor4_4K_Metalness.tga
  artifactKey: Guid(1dbfa30004b30934f9e03f8fb3d0176e) Importer(815301076,1909f56bfc062723c751e8b465ee728b)
Start importing Assets/Free/Wooden Floor Pack/Textures/Wooden Floor4/Wooden Floor4_4K_Metalness.tga using Guid(1dbfa30004b30934f9e03f8fb3d0176e) Importer(815301076,1909f56bfc062723c751e8b465ee728b)  -> (artifact id: 'eb6f02af8007112f32c18a1ef91f26cf') in 0.097421 seconds 
  Import took 0.142388 seconds .

========================================================================
Received Import Request.
  Time since last request: 0.000446 seconds.
  path: Assets/Free/Wooden Floor Pack/Textures/Wooden Floor4/Wooden Floor4_4K_Normal.tga
  artifactKey: Guid(9287eaf9eef52cd478b385868bfd69d5) Importer(815301076,1909f56bfc062723c751e8b465ee728b)
Start importing Assets/Free/Wooden Floor Pack/Textures/Wooden Floor4/Wooden Floor4_4K_Normal.tga using Guid(9287eaf9eef52cd478b385868bfd69d5) Importer(815301076,1909f56bfc062723c751e8b465ee728b)  -> (artifact id: 'c78e380391d5e1bd58e723f64002718a') in 0.163735 seconds 
  Import took 0.201778 seconds .

========================================================================
Received Import Request.
  Time since last request: 0.000337 seconds.
  path: Assets/Free/Wooden Floor Pack/Textures/Wooden Floor4/Wooden Floor4_4K_Gloss.tga
  artifactKey: Guid(67f59a705419b6d4398949b648d6b242) Importer(815301076,1909f56bfc062723c751e8b465ee728b)
Start importing Assets/Free/Wooden Floor Pack/Textures/Wooden Floor4/Wooden Floor4_4K_Gloss.tga using Guid(67f59a705419b6d4398949b648d6b242) Importer(815301076,1909f56bfc062723c751e8b465ee728b)  -> (artifact id: '5d4b5b95c131d0c7fca6bf8e49113d93') in 0.100422 seconds 
  Import took 0.135809 seconds .

========================================================================
Received Import Request.
  Time since last request: 0.000372 seconds.
  path: Assets/Free/Wooden Floor Pack/Textures/Wooden Floor4/Wooden Floor4_4K_Albedo.tga
  artifactKey: Guid(2e6def63d1fafb343bf48225c300ba1c) Importer(815301076,1909f56bfc062723c751e8b465ee728b)
Start importing Assets/Free/Wooden Floor Pack/Textures/Wooden Floor4/Wooden Floor4_4K_Albedo.tga using Guid(2e6def63d1fafb343bf48225c300ba1c) Importer(815301076,1909f56bfc062723c751e8b465ee728b)  -> (artifact id: '07b08fdd24c4e4d8a69bf078c5706e33') in 0.183569 seconds 
  Import took 0.194860 seconds .

========================================================================
Received Import Request.
  Time since last request: 0.000259 seconds.
  path: Assets/Free/Wooden Floor Pack/Textures/Wooden Floor4/Wooden Floor4_4K_Displacement.tga
  artifactKey: Guid(9a478dfa131391244bd62cd135ac12be) Importer(815301076,1909f56bfc062723c751e8b465ee728b)
Start importing Assets/Free/Wooden Floor Pack/Textures/Wooden Floor4/Wooden Floor4_4K_Displacement.tga using Guid(9a478dfa131391244bd62cd135ac12be) Importer(815301076,1909f56bfc062723c751e8b465ee728b)  -> (artifact id: '1275329f048274216ad44590c38cbde7') in 0.088707 seconds 
  Import took 0.131138 seconds .

========================================================================
Received Import Request.
  Time since last request: 0.000291 seconds.
  path: Assets/Free/Wooden Floor Pack/Textures/Wooden Floor4/Wooden Floor4_4K_Roughness.tga
  artifactKey: Guid(e5865b4597541db418784f35889a2e40) Importer(815301076,1909f56bfc062723c751e8b465ee728b)
Start importing Assets/Free/Wooden Floor Pack/Textures/Wooden Floor4/Wooden Floor4_4K_Roughness.tga using Guid(e5865b4597541db418784f35889a2e40) Importer(815301076,1909f56bfc062723c751e8b465ee728b)  -> (artifact id: '780d4348c0cef20adb94abdc1f6db333') in 0.134496 seconds 
  Import took 0.180463 seconds .

========================================================================
Received Import Request.
  Time since last request: 0.000341 seconds.
  path: Assets/Free/Wooden Floor Pack/Textures/Wooden Floor3/Wooden Floor3_4K_Displacement.tga
  artifactKey: Guid(8a59b28ce306daf44b8e6531e8e53f11) Importer(815301076,1909f56bfc062723c751e8b465ee728b)
Start importing Assets/Free/Wooden Floor Pack/Textures/Wooden Floor3/Wooden Floor3_4K_Displacement.tga using Guid(8a59b28ce306daf44b8e6531e8e53f11) Importer(815301076,1909f56bfc062723c751e8b465ee728b)  -> (artifact id: '16289c60950f0357e72fbcbd1b806b74') in 0.088014 seconds 
  Import took 0.152911 seconds .

========================================================================
Received Import Request.
  Time since last request: 0.000314 seconds.
  path: Assets/Free/Wooden Floor Pack/Textures/Wooden Floor3/Wooden Floor3_4K_Metalness.tga
  artifactKey: Guid(36c2df656dfdf7948b5885811812fff8) Importer(815301076,1909f56bfc062723c751e8b465ee728b)
Start importing Assets/Free/Wooden Floor Pack/Textures/Wooden Floor3/Wooden Floor3_4K_Metalness.tga using Guid(36c2df656dfdf7948b5885811812fff8) Importer(815301076,1909f56bfc062723c751e8b465ee728b)  -> (artifact id: 'dd816c018ef2634f78f45351f3081203') in 0.120076 seconds 
  Import took 0.128644 seconds .

========================================================================
Received Import Request.
  Time since last request: 81.037344 seconds.
  path: Assets/Materials/Gutter Material.mat
  artifactKey: Guid(3a83b9aaa62c7a340b3e7bd3793cfbc4) Importer(815301076,1909f56bfc062723c751e8b465ee728b)
Start importing Assets/Materials/Gutter Material.mat using Guid(3a83b9aaa62c7a340b3e7bd3793cfbc4) Importer(815301076,1909f56bfc062723c751e8b465ee728b)  -> (artifact id: '691152711603ab31f88f024bd794ca9e') in 0.102459 seconds 
  Import took 0.160132 seconds .

========================================================================
Received Import Request.
  Time since last request: 441.731466 seconds.
  path: Assets/Bowling Kegel & Ball/Prefabs
  artifactKey: Guid(710aa9f2c4298405cb9449e52f434aa3) Importer(815301076,1909f56bfc062723c751e8b465ee728b)
Start importing Assets/Bowling Kegel & Ball/Prefabs using Guid(710aa9f2c4298405cb9449e52f434aa3) Importer(815301076,1909f56bfc062723c751e8b465ee728b)  -> (artifact id: '98ca5637b7b674de345359e8056675bb') in 0.014935 seconds 
  Import took 0.059106 seconds .

========================================================================
Received Import Request.
  Time since last request: 0.000402 seconds.
  path: Assets/Bowling Kegel & Ball/Prefabs/Ball.prefab
  artifactKey: Guid(ac1af96fd5e0f4f9e97339b652aa389b) Importer(815301076,1909f56bfc062723c751e8b465ee728b)
Start importing Assets/Bowling Kegel & Ball/Prefabs/Ball.prefab using Guid(ac1af96fd5e0f4f9e97339b652aa389b) Importer(815301076,1909f56bfc062723c751e8b465ee728b)  -> (artifact id: 'c5b445e73ba5c9127cf8f3fb7c4371c8') in 0.557557 seconds 
  Import took 0.585261 seconds .

========================================================================
Received Import Request.
  Time since last request: 0.000266 seconds.
  path: Assets/Bowling Kegel & Ball/Prefabs/Kegel.prefab
  artifactKey: Guid(4246925f0393c430189bb4ceba36dc8a) Importer(815301076,1909f56bfc062723c751e8b465ee728b)
Start importing Assets/Bowling Kegel & Ball/Prefabs/Kegel.prefab using Guid(4246925f0393c430189bb4ceba36dc8a) Importer(815301076,1909f56bfc062723c751e8b465ee728b)  -> (artifact id: 'c55e3bf229efc1865181ba7738170906') in 0.197486 seconds 
  Import took 0.213673 seconds .

========================================================================
Received Import Request.
  Time since last request: 0.000303 seconds.
  path: Assets/Bowling Kegel & Ball/Prefabs/Floor.prefab
  artifactKey: Guid(5175215abd476495a9f9738b2ab104ec) Importer(815301076,1909f56bfc062723c751e8b465ee728b)
Start importing Assets/Bowling Kegel & Ball/Prefabs/Floor.prefab using Guid(5175215abd476495a9f9738b2ab104ec) Importer(815301076,1909f56bfc062723c751e8b465ee728b)  -> (artifact id: '418da5918ddf45eb8557120b4a350b82') in 0.180869 seconds 
  Import took 0.227849 seconds .

========================================================================
Received Import Request.
  Time since last request: 3.119890 seconds.
  path: Assets/Bowling Kegel & Ball/Resources/Materials
  artifactKey: Guid(98f281133ea7443c0a776c14b9513ed8) Importer(815301076,1909f56bfc062723c751e8b465ee728b)
Start importing Assets/Bowling Kegel & Ball/Resources/Materials using Guid(98f281133ea7443c0a776c14b9513ed8) Importer(815301076,1909f56bfc062723c751e8b465ee728b)  -> (artifact id: '0940ca4774b84ed7a8789a8805eeb0fa') in 0.008932 seconds 
  Import took 0.092729 seconds .

========================================================================
Received Import Request.
  Time since last request: 0.001020 seconds.
  path: Assets/Bowling Kegel & Ball/Resources/Materials/Floor.mat
  artifactKey: Guid(4086ba60a7f1045ca8d0935912bbecfe) Importer(815301076,1909f56bfc062723c751e8b465ee728b)
Start importing Assets/Bowling Kegel & Ball/Resources/Materials/Floor.mat using Guid(4086ba60a7f1045ca8d0935912bbecfe) Importer(815301076,1909f56bfc062723c751e8b465ee728b)  -> (artifact id: '60e5cfc8cb5e6c51764d71d50e59c172') in 0.105809 seconds 
  Import took 0.149463 seconds .

========================================================================
Received Import Request.
  Time since last request: 0.000290 seconds.
  path: Assets/Bowling Kegel & Ball/Resources/Materials/Kegel.mat
  artifactKey: Guid(89ba2babb6d7140db92ff783f8da045e) Importer(815301076,1909f56bfc062723c751e8b465ee728b)
Start importing Assets/Bowling Kegel & Ball/Resources/Materials/Kegel.mat using Guid(89ba2babb6d7140db92ff783f8da045e) Importer(815301076,1909f56bfc062723c751e8b465ee728b)  -> (artifact id: '139807b762b6e5f1c3516652b08b24b7') in 0.039783 seconds 
  Import took 0.072019 seconds .

========================================================================
Received Import Request.
  Time since last request: 0.001708 seconds.
  path: Assets/Bowling Kegel & Ball/Resources/Materials/Ball.mat
  artifactKey: Guid(fb5add3c4763c4bbaabc2af4aebe8967) Importer(815301076,1909f56bfc062723c751e8b465ee728b)
Start importing Assets/Bowling Kegel & Ball/Resources/Materials/Ball.mat using Guid(fb5add3c4763c4bbaabc2af4aebe8967) Importer(815301076,1909f56bfc062723c751e8b465ee728b)  -> (artifact id: '475eac801cd471617e66dd5f6e645fe9') in 0.114736 seconds 
  Import took 0.154339 seconds .

========================================================================
Received Import Request.
  Time since last request: 20.619899 seconds.
  path: Assets/Bowling Kegel & Ball/Resources/Textures/Ball_AlbedoTransparency.png
  artifactKey: Guid(3ca92b25d953e47f4987779a9648fd92) Importer(815301076,1909f56bfc062723c751e8b465ee728b)
Start importing Assets/Bowling Kegel & Ball/Resources/Textures/Ball_AlbedoTransparency.png using Guid(3ca92b25d953e47f4987779a9648fd92) Importer(815301076,1909f56bfc062723c751e8b465ee728b)  -> (artifact id: 'defdf9ad077cb95bbd0485667e3b3d0e') in 0.123886 seconds 
  Import took 0.146657 seconds .

========================================================================
Received Import Request.
  Time since last request: 0.000353 seconds.
  path: Assets/Bowling Kegel & Ball/Resources/Textures/Kegel_AlbedoTransparency.png
  artifactKey: Guid(cc044e04b7f4e4a519afa63f44551d51) Importer(815301076,1909f56bfc062723c751e8b465ee728b)
Start importing Assets/Bowling Kegel & Ball/Resources/Textures/Kegel_AlbedoTransparency.png using Guid(cc044e04b7f4e4a519afa63f44551d51) Importer(815301076,1909f56bfc062723c751e8b465ee728b)  -> (artifact id: '0ffac593d0bef707dd08ab0b22c8fd56') in 0.049061 seconds 
  Import took 0.087509 seconds .

========================================================================
Received Import Request.
  Time since last request: 0.000761 seconds.
  path: Assets/Bowling Kegel & Ball/Resources/Textures/Ball_Normal.png
  artifactKey: Guid(31f8987ce808c4a37b04eae96da9dbbb) Importer(815301076,1909f56bfc062723c751e8b465ee728b)
Start importing Assets/Bowling Kegel & Ball/Resources/Textures/Ball_Normal.png using Guid(31f8987ce808c4a37b04eae96da9dbbb) Importer(815301076,1909f56bfc062723c751e8b465ee728b)  -> (artifact id: 'd5881b8d1e12d6286411af850669d541') in 0.064277 seconds 
  Import took 0.101176 seconds .

========================================================================
Received Import Request.
  Time since last request: 0.000345 seconds.
  path: Assets/Bowling Kegel & Ball/Resources/Textures/Ball_SpecularSmoothness.png
  artifactKey: Guid(2644d3bb8b1ed4ab2b2188eaf89f7523) Importer(815301076,1909f56bfc062723c751e8b465ee728b)
Start importing Assets/Bowling Kegel & Ball/Resources/Textures/Ball_SpecularSmoothness.png using Guid(2644d3bb8b1ed4ab2b2188eaf89f7523) Importer(815301076,1909f56bfc062723c751e8b465ee728b)  -> (artifact id: 'b0eb2fd5e3eec24fdb7c0c4d47a53598') in 0.061156 seconds 
  Import took 0.089981 seconds .

========================================================================
Received Import Request.
  Time since last request: 63.917566 seconds.
  path: Assets/Bowling Kegel & Ball/Resources/Geometry/Kegel&ball.fbx
  artifactKey: Guid(6a14dc0db365944f182482aba11ad830) Importer(815301076,1909f56bfc062723c751e8b465ee728b)
Start importing Assets/Bowling Kegel & Ball/Resources/Geometry/Kegel&ball.fbx using Guid(6a14dc0db365944f182482aba11ad830) Importer(815301076,1909f56bfc062723c751e8b465ee728b)  -> (artifact id: 'dbc18eecb487d583891d2c7b763fa57e') in 0.134547 seconds 
  Import took 0.259867 seconds .

========================================================================
Received Import Request.
  Time since last request: 91.840141 seconds.
  path: Assets/Models/Main Scene/Pin.prefab
  artifactKey: Guid(1b83c65d0e8c7e842ad26e19896435af) Importer(815301076,1909f56bfc062723c751e8b465ee728b)
Start importing Assets/Models/Main Scene/Pin.prefab using Guid(1b83c65d0e8c7e842ad26e19896435af) Importer(815301076,1909f56bfc062723c751e8b465ee728b)  -> (artifact id: 'a8b882c579705ab5dcd95b8fa4a9e356') in 0.056824 seconds 
  Import took 0.102351 seconds .

========================================================================
Received Import Request.
  Time since last request: 51.742342 seconds.
  path: Assets/Materials/Ball.mat
  artifactKey: Guid(fb5add3c4763c4bbaabc2af4aebe8967) Importer(815301076,1909f56bfc062723c751e8b465ee728b)
Start importing Assets/Materials/Ball.mat using Guid(fb5add3c4763c4bbaabc2af4aebe8967) Importer(815301076,1909f56bfc062723c751e8b465ee728b)  -> (artifact id: 'a82b3a5efe09ac5693c95c6be8e0b48d') in 0.968942 seconds 
  Import took 1.030644 seconds .

========================================================================
Received Import Request.
  Time since last request: 0.000536 seconds.
  path: Assets/Materials/Kegel.mat
  artifactKey: Guid(89ba2babb6d7140db92ff783f8da045e) Importer(815301076,1909f56bfc062723c751e8b465ee728b)
Start importing Assets/Materials/Kegel.mat using Guid(89ba2babb6d7140db92ff783f8da045e) Importer(815301076,1909f56bfc062723c751e8b465ee728b)  -> (artifact id: 'e18d7d90186a38b3640c91804436f1d3') in 0.258951 seconds 
  Import took 0.301421 seconds .

========================================================================
Received Import Request.
  Time since last request: 0.000419 seconds.
  path: Assets/Materials/Gutter Material.mat
  artifactKey: Guid(3a83b9aaa62c7a340b3e7bd3793cfbc4) Importer(815301076,1909f56bfc062723c751e8b465ee728b)
Start importing Assets/Materials/Gutter Material.mat using Guid(3a83b9aaa62c7a340b3e7bd3793cfbc4) Importer(815301076,1909f56bfc062723c751e8b465ee728b)  -> (artifact id: '1721239fbda9b2eacc291aa8fd46adf3') in 0.011608 seconds 
  Import took 0.041659 seconds .

========================================================================
Received Import Request.
  Time since last request: 91.514435 seconds.
  path: Assets/Bowling Kegel & Ball/Scenes
  artifactKey: Guid(2092634f7cb35469da9afdd8259b6a5a) Importer(815301076,1909f56bfc062723c751e8b465ee728b)
Start importing Assets/Bowling Kegel & Ball/Scenes using Guid(2092634f7cb35469da9afdd8259b6a5a) Importer(815301076,1909f56bfc062723c751e8b465ee728b)  -> (artifact id: 'a48c52edfa5ced563a8792a58f2c8cc4') in 0.021730 seconds 
  Import took 0.072312 seconds .

========================================================================
Received Import Request.
  Time since last request: 2.384141 seconds.
  path: Assets/Bowling Kegel & Ball/Resources
  artifactKey: Guid(a26295c43087742f88a9a6e2ca5cbf9d) Importer(815301076,1909f56bfc062723c751e8b465ee728b)
Start importing Assets/Bowling Kegel & Ball/Resources using Guid(a26295c43087742f88a9a6e2ca5cbf9d) Importer(815301076,1909f56bfc062723c751e8b465ee728b)  -> (artifact id: '79a7e8531d22661ab255271379928c47') in 0.004147 seconds 
  Import took 0.066913 seconds .

========================================================================
Received Import Request.
  Time since last request: 40.795962 seconds.
  path: Assets/Models/Main Scene/Bowling Kegel & Ball
  artifactKey: Guid(a10562d7aaf57f648b3c4509cf1e0f9f) Importer(815301076,1909f56bfc062723c751e8b465ee728b)
Start importing Assets/Models/Main Scene/Bowling Kegel & Ball using Guid(a10562d7aaf57f648b3c4509cf1e0f9f) Importer(815301076,1909f56bfc062723c751e8b465ee728b)  -> (artifact id: '61168701c7e669cc52a29876a9ff97da') in 0.023610 seconds 
  Import took 0.055365 seconds .

========================================================================
Received Import Request.
  Time since last request: 17.472116 seconds.
  path: Assets/Models/Main Scene/Bowling Kegel & Ball/Prefabs/Pin.prefab
  artifactKey: Guid(a5ff33ca90ee8fc429aa9387291ffd29) Importer(815301076,1909f56bfc062723c751e8b465ee728b)
Start importing Assets/Models/Main Scene/Bowling Kegel & Ball/Prefabs/Pin.prefab using Guid(a5ff33ca90ee8fc429aa9387291ffd29) Importer(815301076,1909f56bfc062723c751e8b465ee728b)  -> (artifact id: '0c7aa90d9379145a77866cd9b9df4fc6') in 0.108053 seconds 
  Import took 0.158773 seconds .

========================================================================
Received Import Request.
  Time since last request: 13.530198 seconds.
  path: Assets/Models/Main Scene/Bowling Kegel & Ball/Prefabs/Ball 1.prefab
  artifactKey: Guid(8656446f6460aac4cb5a9a83af875eb1) Importer(815301076,1909f56bfc062723c751e8b465ee728b)
Start importing Assets/Models/Main Scene/Bowling Kegel & Ball/Prefabs/Ball 1.prefab using Guid(8656446f6460aac4cb5a9a83af875eb1) Importer(815301076,1909f56bfc062723c751e8b465ee728b)  -> (artifact id: '690655f6634e75602b97e5745561f314') in 0.538137 seconds 
  Import took 0.572585 seconds .

========================================================================
Received Import Request.
  Time since last request: 8.507807 seconds.
  path: Assets/Models/Main Scene/Bowling Kegel & Ball/Prefabs/Ball 1.prefab
  artifactKey: Guid(8656446f6460aac4cb5a9a83af875eb1) Importer(815301076,1909f56bfc062723c751e8b465ee728b)
Start importing Assets/Models/Main Scene/Bowling Kegel & Ball/Prefabs/Ball 1.prefab using Guid(8656446f6460aac4cb5a9a83af875eb1) Importer(815301076,1909f56bfc062723c751e8b465ee728b)  -> (artifact id: '293297ecba75ef887e7a3a5bd451e686') in 0.164900 seconds 
  Import took 0.194259 seconds .

========================================================================
Received Import Request.
  Time since last request: 2.369807 seconds.
  path: Assets/Models/Main Scene/Bowling Kegel & Ball/Prefabs/Ball 1.prefab
  artifactKey: Guid(8656446f6460aac4cb5a9a83af875eb1) Importer(815301076,1909f56bfc062723c751e8b465ee728b)
Start importing Assets/Models/Main Scene/Bowling Kegel & Ball/Prefabs/Ball 1.prefab using Guid(8656446f6460aac4cb5a9a83af875eb1) Importer(815301076,1909f56bfc062723c751e8b465ee728b)  -> (artifact id: 'e39f5e2544dc3765091accb429b80d04') in 0.179677 seconds 
  Import took 0.223138 seconds .

========================================================================
Received Import Request.
  Time since last request: 5.005298 seconds.
  path: Assets/Models/Main Scene/Bowling Kegel & Ball/Prefabs/Ball 1.prefab
  artifactKey: Guid(8656446f6460aac4cb5a9a83af875eb1) Importer(815301076,1909f56bfc062723c751e8b465ee728b)
Start importing Assets/Models/Main Scene/Bowling Kegel & Ball/Prefabs/Ball 1.prefab using Guid(8656446f6460aac4cb5a9a83af875eb1) Importer(815301076,1909f56bfc062723c751e8b465ee728b)  -> (artifact id: '8f216867236d51b14fbd5ba924c5438f') in 0.106340 seconds 
  Import took 0.137932 seconds .

========================================================================
Received Import Request.
  Time since last request: 19.140111 seconds.
  path: Assets/Models/Main Scene/Bowling Kegel & Ball/Prefabs/Ball 1.prefab
  artifactKey: Guid(8656446f6460aac4cb5a9a83af875eb1) Importer(815301076,1909f56bfc062723c751e8b465ee728b)
Start importing Assets/Models/Main Scene/Bowling Kegel & Ball/Prefabs/Ball 1.prefab using Guid(8656446f6460aac4cb5a9a83af875eb1) Importer(815301076,1909f56bfc062723c751e8b465ee728b)  -> (artifact id: 'f3ec3abe2e8aafb0c4574223ab3f5ab4') in 0.158634 seconds 
  Import took 0.204339 seconds .

========================================================================
Received Import Request.
  Time since last request: 2.135302 seconds.
  path: Assets/Models/Main Scene/Bowling Kegel & Ball/Prefabs/Ball 1.prefab
  artifactKey: Guid(8656446f6460aac4cb5a9a83af875eb1) Importer(815301076,1909f56bfc062723c751e8b465ee728b)
Start importing Assets/Models/Main Scene/Bowling Kegel & Ball/Prefabs/Ball 1.prefab using Guid(8656446f6460aac4cb5a9a83af875eb1) Importer(815301076,1909f56bfc062723c751e8b465ee728b)  -> (artifact id: '59a98a85959e55d371a747ac0c0a0158') in 0.166641 seconds 
  Import took 0.228828 seconds .

========================================================================
Received Import Request.
  Time since last request: 2.485660 seconds.
  path: Assets/Models/Main Scene/Bowling Kegel & Ball/Prefabs/Ball 1.prefab
  artifactKey: Guid(8656446f6460aac4cb5a9a83af875eb1) Importer(815301076,1909f56bfc062723c751e8b465ee728b)
Start importing Assets/Models/Main Scene/Bowling Kegel & Ball/Prefabs/Ball 1.prefab using Guid(8656446f6460aac4cb5a9a83af875eb1) Importer(815301076,1909f56bfc062723c751e8b465ee728b)  -> (artifact id: '5c4e9a0427596a5746cbf195ab94a906') in 0.196697 seconds 
  Import took 0.253106 seconds .

========================================================================
Received Import Request.
  Time since last request: 16.865020 seconds.
  path: Assets/Models/Main Scene/Bowling Kegel & Ball/Prefabs/Ball 1.prefab
  artifactKey: Guid(8656446f6460aac4cb5a9a83af875eb1) Importer(815301076,1909f56bfc062723c751e8b465ee728b)
Start importing Assets/Models/Main Scene/Bowling Kegel & Ball/Prefabs/Ball 1.prefab using Guid(8656446f6460aac4cb5a9a83af875eb1) Importer(815301076,1909f56bfc062723c751e8b465ee728b)  -> (artifact id: 'dda9aabb7cc5ac2b9a6f9c599d072a5e') in 0.169417 seconds 
  Import took 0.186918 seconds .

========================================================================
Received Import Request.
  Time since last request: 1.723350 seconds.
  path: Assets/Models/Main Scene/Bowling Kegel & Ball/Prefabs/Ball 1.prefab
  artifactKey: Guid(8656446f6460aac4cb5a9a83af875eb1) Importer(815301076,1909f56bfc062723c751e8b465ee728b)
Start importing Assets/Models/Main Scene/Bowling Kegel & Ball/Prefabs/Ball 1.prefab using Guid(8656446f6460aac4cb5a9a83af875eb1) Importer(815301076,1909f56bfc062723c751e8b465ee728b)  -> (artifact id: '258a3ce16ea6de0431789a4a7579b690') in 0.157460 seconds 
  Import took 0.184740 seconds .

========================================================================
Received Import Request.
  Time since last request: 1.473880 seconds.
  path: Assets/Models/Main Scene/Bowling Kegel & Ball/Prefabs/Ball 1.prefab
  artifactKey: Guid(8656446f6460aac4cb5a9a83af875eb1) Importer(815301076,1909f56bfc062723c751e8b465ee728b)
Start importing Assets/Models/Main Scene/Bowling Kegel & Ball/Prefabs/Ball 1.prefab using Guid(8656446f6460aac4cb5a9a83af875eb1) Importer(815301076,1909f56bfc062723c751e8b465ee728b)  -> (artifact id: '3af04e0bd62ece5c07139121d3ef9372') in 0.128070 seconds 
  Import took 0.158077 seconds .

========================================================================
Received Import Request.
  Time since last request: 9.518359 seconds.
  path: Assets/Models/Main Scene/Bowling Kegel & Ball/Prefabs/Pin.prefab
  artifactKey: Guid(a5ff33ca90ee8fc429aa9387291ffd29) Importer(815301076,1909f56bfc062723c751e8b465ee728b)
Start importing Assets/Models/Main Scene/Bowling Kegel & Ball/Prefabs/Pin.prefab using Guid(a5ff33ca90ee8fc429aa9387291ffd29) Importer(815301076,1909f56bfc062723c751e8b465ee728b)  -> (artifact id: '8c4902e5dce33ef08637a9d9491ab121') in 0.081969 seconds 
  Import took 0.122458 seconds .

========================================================================
Received Import Request.
  Time since last request: 1.602468 seconds.
  path: Assets/Models/Main Scene/Bowling Kegel & Ball/Prefabs/Pin.prefab
  artifactKey: Guid(a5ff33ca90ee8fc429aa9387291ffd29) Importer(815301076,1909f56bfc062723c751e8b465ee728b)
Start importing Assets/Models/Main Scene/Bowling Kegel & Ball/Prefabs/Pin.prefab using Guid(a5ff33ca90ee8fc429aa9387291ffd29) Importer(815301076,1909f56bfc062723c751e8b465ee728b)  -> (artifact id: '422700a958a55925b9fbcd92743c8cfb') in 0.086248 seconds 
  Import took 0.128777 seconds .

========================================================================
Received Import Request.
  Time since last request: 1.721150 seconds.
  path: Assets/Models/Main Scene/Bowling Kegel & Ball/Prefabs/Pin.prefab
  artifactKey: Guid(a5ff33ca90ee8fc429aa9387291ffd29) Importer(815301076,1909f56bfc062723c751e8b465ee728b)
Start importing Assets/Models/Main Scene/Bowling Kegel & Ball/Prefabs/Pin.prefab using Guid(a5ff33ca90ee8fc429aa9387291ffd29) Importer(815301076,1909f56bfc062723c751e8b465ee728b)  -> (artifact id: '862d4f512b2f39a2d61cd8780cd6e4ce') in 0.066200 seconds 
  Import took 0.100917 seconds .

========================================================================
Received Import Request.
  Time since last request: 840.054771 seconds.
  path: Assets/Models/Main Scene/Bowling Kegel & Ball/Scenes/BowlingKegelBall.unity
  artifactKey: Guid(338d10b7f1f164d969a4f66d803669e7) Importer(815301076,1909f56bfc062723c751e8b465ee728b)
Start importing Assets/Models/Main Scene/Bowling Kegel & Ball/Scenes/BowlingKegelBall.unity using Guid(338d10b7f1f164d969a4f66d803669e7) Importer(815301076,1909f56bfc062723c751e8b465ee728b)  -> (artifact id: 'ec4a2313513a98e550e6499bec34c7bd') in 0.009202 seconds 
  Import took 0.025051 seconds .

========================================================================
Received Import Request.
  Time since last request: 18.548962 seconds.
  path: Assets/Materials/Wooden Floor Pack/Textures
  artifactKey: Guid(cb8eb2715f75fd749a4ef1d2a357ca53) Importer(815301076,1909f56bfc062723c751e8b465ee728b)
Start importing Assets/Materials/Wooden Floor Pack/Textures using Guid(cb8eb2715f75fd749a4ef1d2a357ca53) Importer(815301076,1909f56bfc062723c751e8b465ee728b)  -> (artifact id: 'ff1b5a012450bb08c4c4b50b329865fe') in 0.005429 seconds 
  Import took 0.022478 seconds .

========================================================================
Received Import Request.
  Time since last request: 108.479931 seconds.
  path: Assets/Models/Main Scene/Bowling Kegel & Ball/Prefabs/Ball 1.prefab
  artifactKey: Guid(8656446f6460aac4cb5a9a83af875eb1) Importer(815301076,1909f56bfc062723c751e8b465ee728b)
Start importing Assets/Models/Main Scene/Bowling Kegel & Ball/Prefabs/Ball 1.prefab using Guid(8656446f6460aac4cb5a9a83af875eb1) Importer(815301076,1909f56bfc062723c751e8b465ee728b)  -> (artifact id: 'cd6c415408da1f7c5c8d3520fb04a463') in 0.539789 seconds 
  Import took 0.569537 seconds .

========================================================================
Received Import Request.
  Time since last request: 5.194774 seconds.
  path: Assets/Models/Main Scene/Bowling Kegel & Ball/Prefabs/Ball 1.prefab
  artifactKey: Guid(8656446f6460aac4cb5a9a83af875eb1) Importer(815301076,1909f56bfc062723c751e8b465ee728b)
Start importing Assets/Models/Main Scene/Bowling Kegel & Ball/Prefabs/Ball 1.prefab using Guid(8656446f6460aac4cb5a9a83af875eb1) Importer(815301076,1909f56bfc062723c751e8b465ee728b)  -> (artifact id: '6267a0248c7e7e1d036f9c040ff3f674') in 0.156741 seconds 
  Import took 0.172274 seconds .

========================================================================
Received Import Request.
  Time since last request: 982.826977 seconds.
  path: Assets/Models/Main Scene/Bowling Kegel & Ball/Prefabs/Ball 1.prefab
  artifactKey: Guid(8656446f6460aac4cb5a9a83af875eb1) Importer(815301076,1909f56bfc062723c751e8b465ee728b)
Start importing Assets/Models/Main Scene/Bowling Kegel & Ball/Prefabs/Ball 1.prefab using Guid(8656446f6460aac4cb5a9a83af875eb1) Importer(815301076,1909f56bfc062723c751e8b465ee728b)  -> (artifact id: 'd429611aaf04b6444b10ccf33e9cd497') in 0.522168 seconds 
  Import took 0.560986 seconds .

========================================================================
Received Import Request.
  Time since last request: 10.843282 seconds.
  path: Assets/Models/Main Scene/Bowling Kegel & Ball/Prefabs/Ball 1.prefab
  artifactKey: Guid(8656446f6460aac4cb5a9a83af875eb1) Importer(815301076,1909f56bfc062723c751e8b465ee728b)
Start importing Assets/Models/Main Scene/Bowling Kegel & Ball/Prefabs/Ball 1.prefab using Guid(8656446f6460aac4cb5a9a83af875eb1) Importer(815301076,1909f56bfc062723c751e8b465ee728b)  -> (artifact id: '4d6a42b9941bf359c1e6c723386d7a28') in 0.153845 seconds 
  Import took 0.193659 seconds .

========================================================================
Received Import Request.
  Time since last request: 63.638344 seconds.
  path: Assets/Models/Main Scene/Bowling Kegel & Ball/Prefabs/Ball 1.prefab
  artifactKey: Guid(8656446f6460aac4cb5a9a83af875eb1) Importer(815301076,1909f56bfc062723c751e8b465ee728b)
Start importing Assets/Models/Main Scene/Bowling Kegel & Ball/Prefabs/Ball 1.prefab using Guid(8656446f6460aac4cb5a9a83af875eb1) Importer(815301076,1909f56bfc062723c751e8b465ee728b)  -> (artifact id: '0a8a84be6d3f20494a478b374a034005') in 0.300667 seconds 
  Import took 0.338124 seconds .

========================================================================
Received Import Request.
  Time since last request: 57.956240 seconds.
  path: Assets/Models/Main Scene/Bowling Kegel & Ball/Prefabs/Ball 1.prefab
  artifactKey: Guid(8656446f6460aac4cb5a9a83af875eb1) Importer(815301076,1909f56bfc062723c751e8b465ee728b)
Start importing Assets/Models/Main Scene/Bowling Kegel & Ball/Prefabs/Ball 1.prefab using Guid(8656446f6460aac4cb5a9a83af875eb1) Importer(815301076,1909f56bfc062723c751e8b465ee728b)  -> (artifact id: '42cc36ee8f2d372efbd2b3cc400d3537') in 0.188631 seconds 
  Import took 0.245225 seconds .

========================================================================
Received Import Request.
  Time since last request: 55.668963 seconds.
  path: Assets/Models/Main Scene/Bowling Kegel & Ball/Prefabs/Ball 1.prefab
  artifactKey: Guid(8656446f6460aac4cb5a9a83af875eb1) Importer(815301076,1909f56bfc062723c751e8b465ee728b)
Start importing Assets/Models/Main Scene/Bowling Kegel & Ball/Prefabs/Ball 1.prefab using Guid(8656446f6460aac4cb5a9a83af875eb1) Importer(815301076,1909f56bfc062723c751e8b465ee728b)  -> (artifact id: '3ca6daa19e1c9641ec6a08e6e3d2d5f5') in 0.232448 seconds 
  Import took 0.274911 seconds .

========================================================================
Received Import Request.
  Time since last request: 8.855856 seconds.
  path: Assets/Models/Main Scene/Bowling Kegel & Ball/Prefabs/Ball 1.prefab
  artifactKey: Guid(8656446f6460aac4cb5a9a83af875eb1) Importer(815301076,1909f56bfc062723c751e8b465ee728b)
Start importing Assets/Models/Main Scene/Bowling Kegel & Ball/Prefabs/Ball 1.prefab using Guid(8656446f6460aac4cb5a9a83af875eb1) Importer(815301076,1909f56bfc062723c751e8b465ee728b)  -> (artifact id: '5a74c3ad624794f145050745ae9234ca') in 0.162883 seconds 
  Import took 0.229759 seconds .

========================================================================
Received Import Request.
  Time since last request: 28.317292 seconds.
  path: Assets/Models/Main Scene/Bowling Kegel & Ball/Prefabs/Ball 1.prefab
  artifactKey: Guid(8656446f6460aac4cb5a9a83af875eb1) Importer(815301076,1909f56bfc062723c751e8b465ee728b)
Start importing Assets/Models/Main Scene/Bowling Kegel & Ball/Prefabs/Ball 1.prefab using Guid(8656446f6460aac4cb5a9a83af875eb1) Importer(815301076,1909f56bfc062723c751e8b465ee728b)  -> (artifact id: 'cb8baf7fdb3fa4306d5d9bcf67766d54') in 0.173830 seconds 
  Import took 0.217643 seconds .

========================================================================
Received Prepare
Refreshing native plugins compatible for Editor in 4297.55 ms, found 8 plugins.
Preloading 1 native plugins for Editor in 1.76 ms.
Unloading 55 Unused Serialized files (Serialized files now loaded: 0)
System memory in use before: 95.4 MB.
System memory in use after: 95.6 MB.

Unloading 56 unused Assets to reduce memory usage. Loaded Objects now: 4555.
Total: 265.698300 ms (FindLiveObjects: 1.630900 ms CreateObjectMapping: 0.721300 ms MarkObjects: 263.207100 ms  DeleteObjects: 0.134800 ms)

AssetImportParameters requested are different than current active one (requested -> active):
  custom:framework-win-MediaFoundation: 216162199b28c13a410421893ffa2e32 -> 
  custom:video-decoder-ogg-theora: a1e56fd34408186e4bbccfd4996cb3dc -> 
  custom:container-muxer-webm: aa71ff27fc2769a1b78a27578f13a17b -> 
  custom:container-demuxer-webm: 4f35f7cbe854078d1ac9338744f61a02 -> 
  custom:container-demuxer-ogg: 62fdf1f143b41e24485cea50d1cbac27 -> 
  custom:video-encoder-webm-vp8: eb34c28f22e8b96e1ab97ce403110664 -> 
  custom:video-codec-MediaFoundation-h265: 746d11721c4dcdbdad8f713fa42b33f4 -> 
  custom:video-decoder-webm-vp8: 9c59270c3fd7afecdb556c50c9e8de78 -> 
  custom:audio-decoder-ogg-vorbis: bf7c407c2cedff20999df2af8eb42d56 -> 
  custom:audio-encoder-webm-vorbis: bf7c407c2cedff20999df2af8eb42d56 -> 
========================================================================
Received Import Request.
  Time since last request: 867.820176 seconds.
  path: Assets/Models/Main Scene/Bowling Kegel & Ball/Prefabs/Ball 1.prefab
  artifactKey: Guid(8656446f6460aac4cb5a9a83af875eb1) Importer(815301076,1909f56bfc062723c751e8b465ee728b)
Start importing Assets/Models/Main Scene/Bowling Kegel & Ball/Prefabs/Ball 1.prefab using Guid(8656446f6460aac4cb5a9a83af875eb1) Importer(815301076,1909f56bfc062723c751e8b465ee728b)  -> (artifact id: 'e113e06e0d8af6d04a34ef5c51007204') in 1.509977 seconds 
  Import took 2.107629 seconds .

========================================================================
Received Import Request.
  Time since last request: 11.739614 seconds.
  path: Assets/Models/Main Scene/Bowling Kegel & Ball/Prefabs/Ball 1.prefab
  artifactKey: Guid(8656446f6460aac4cb5a9a83af875eb1) Importer(815301076,1909f56bfc062723c751e8b465ee728b)
Start importing Assets/Models/Main Scene/Bowling Kegel & Ball/Prefabs/Ball 1.prefab using Guid(8656446f6460aac4cb5a9a83af875eb1) Importer(815301076,1909f56bfc062723c751e8b465ee728b)  -> (artifact id: '94d96ef5f27da9478ec4bfc91e58ebbf') in 0.226738 seconds 
  Import took 0.269776 seconds .

========================================================================
Received Import Request.
  Time since last request: 5.136795 seconds.
  path: Assets/Models/Main Scene/Bowling Kegel & Ball/Prefabs/Ball 1.prefab
  artifactKey: Guid(8656446f6460aac4cb5a9a83af875eb1) Importer(815301076,1909f56bfc062723c751e8b465ee728b)
Start importing Assets/Models/Main Scene/Bowling Kegel & Ball/Prefabs/Ball 1.prefab using Guid(8656446f6460aac4cb5a9a83af875eb1) Importer(815301076,1909f56bfc062723c751e8b465ee728b)  -> (artifact id: '2105fc880b2395781d643dd82f68a81f') in 0.211984 seconds 
  Import took 0.258648 seconds .

========================================================================
Received Import Request.
  Time since last request: 20.550578 seconds.
  path: Assets/Models/Main Scene/Bowling Kegel & Ball/Prefabs/Ball 1.prefab
  artifactKey: Guid(8656446f6460aac4cb5a9a83af875eb1) Importer(815301076,1909f56bfc062723c751e8b465ee728b)
Start importing Assets/Models/Main Scene/Bowling Kegel & Ball/Prefabs/Ball 1.prefab using Guid(8656446f6460aac4cb5a9a83af875eb1) Importer(815301076,1909f56bfc062723c751e8b465ee728b)  -> (artifact id: '5302b36ecdc4395d5d7b2d30b6552984') in 0.265255 seconds 
  Import took 0.329003 seconds .

========================================================================
Received Import Request.
  Time since last request: 6.858765 seconds.
  path: Assets/Models/Main Scene/Bowling Kegel & Ball/Prefabs/Ball 1.prefab
  artifactKey: Guid(8656446f6460aac4cb5a9a83af875eb1) Importer(815301076,1909f56bfc062723c751e8b465ee728b)
Start importing Assets/Models/Main Scene/Bowling Kegel & Ball/Prefabs/Ball 1.prefab using Guid(8656446f6460aac4cb5a9a83af875eb1) Importer(815301076,1909f56bfc062723c751e8b465ee728b)  -> (artifact id: '2b00cb8199896597391a88e1e1392495') in 0.165584 seconds 
  Import took 0.234613 seconds .

========================================================================
Received Import Request.
  Time since last request: 30.843487 seconds.
  path: Assets/Models/Main Scene/Bowling Kegel & Ball/Prefabs/Ball 1.prefab
  artifactKey: Guid(8656446f6460aac4cb5a9a83af875eb1) Importer(815301076,1909f56bfc062723c751e8b465ee728b)
Start importing Assets/Models/Main Scene/Bowling Kegel & Ball/Prefabs/Ball 1.prefab using Guid(8656446f6460aac4cb5a9a83af875eb1) Importer(815301076,1909f56bfc062723c751e8b465ee728b)  -> (artifact id: 'ea2526bdeacea86eee4c2f6d93f0bde2') in 0.164143 seconds 
  Import took 0.193266 seconds .

========================================================================
Received Import Request.
  Time since last request: 20.135654 seconds.
  path: Assets/Models/Main Scene/Bowling Kegel & Ball/Prefabs/Ball 1.prefab
  artifactKey: Guid(8656446f6460aac4cb5a9a83af875eb1) Importer(815301076,1909f56bfc062723c751e8b465ee728b)
Start importing Assets/Models/Main Scene/Bowling Kegel & Ball/Prefabs/Ball 1.prefab using Guid(8656446f6460aac4cb5a9a83af875eb1) Importer(815301076,1909f56bfc062723c751e8b465ee728b)  -> (artifact id: 'a4cea5f7e3d7beae5968371be25dfaf5') in 0.160922 seconds 
  Import took 0.194255 seconds .

========================================================================
Received Import Request.
  Time since last request: 30.854585 seconds.
  path: Assets/Models/Main Scene/Bowling Kegel & Ball/Prefabs/Ball 1.prefab
  artifactKey: Guid(8656446f6460aac4cb5a9a83af875eb1) Importer(815301076,1909f56bfc062723c751e8b465ee728b)
Start importing Assets/Models/Main Scene/Bowling Kegel & Ball/Prefabs/Ball 1.prefab using Guid(8656446f6460aac4cb5a9a83af875eb1) Importer(815301076,1909f56bfc062723c751e8b465ee728b)  -> (artifact id: '32e6ec379c63c49fe6d751c100599ef0') in 0.130674 seconds 
  Import took 0.164519 seconds .

========================================================================
Received Import Request.
  Time since last request: 408.161502 seconds.
  path: Assets/Models/Main Scene/Bowling Kegel & Ball/Prefabs/Ball 1.prefab
  artifactKey: Guid(8656446f6460aac4cb5a9a83af875eb1) Importer(815301076,1909f56bfc062723c751e8b465ee728b)
Start importing Assets/Models/Main Scene/Bowling Kegel & Ball/Prefabs/Ball 1.prefab using Guid(8656446f6460aac4cb5a9a83af875eb1) Importer(815301076,1909f56bfc062723c751e8b465ee728b)  -> (artifact id: '63da9c290def91d22890a1ed6c22e2cb') in 0.548273 seconds 
  Import took 0.559808 seconds .

========================================================================
Received Import Request.
  Time since last request: 13.649476 seconds.
  path: Assets/Models/Main Scene/Bowling Kegel & Ball/Prefabs/Ball 1.prefab
  artifactKey: Guid(8656446f6460aac4cb5a9a83af875eb1) Importer(815301076,1909f56bfc062723c751e8b465ee728b)
Start importing Assets/Models/Main Scene/Bowling Kegel & Ball/Prefabs/Ball 1.prefab using Guid(8656446f6460aac4cb5a9a83af875eb1) Importer(815301076,1909f56bfc062723c751e8b465ee728b)  -> (artifact id: '9be2dc9e67e1f3aa220891ccd9142297') in 0.158864 seconds 
  Import took 0.190601 seconds .

========================================================================
Received Prepare
Registering precompiled user dll's ...
Registered in 0.644854 seconds.
Begin MonoManager ReloadAssembly
Native extension for WindowsStandalone target not found
Refreshing native plugins compatible for Editor in 1.58 ms, found 8 plugins.
Preloading 1 native plugins for Editor in 0.12 ms.
System.Reflection.TargetInvocationException: Exception has been thrown by the target of an invocation. ---> System.NullReferenceException: Object reference not set to an instance of an object
  at Unity.XR.Oculus.OculusLoader.AssetPathToAbsolutePath (System.String assetPath) [0x00048] in D:\Unity\Unity\Projects\MIX_XR_Project\MIX_XR_Project\Library\PackageCache\com.unity.xr.oculus@1.10.0\Runtime\OculusLoader.cs:250 
  at Unity.XR.Oculus.OculusLoader.EditorLoadOVRPlugin () [0x0007b] in D:\Unity\Unity\Projects\MIX_XR_Project\MIX_XR_Project\Library\PackageCache\com.unity.xr.oculus@1.10.0\Runtime\OculusLoader.cs:235 
  at (wrapper managed-to-native) System.Reflection.MonoMethod.InternalInvoke(System.Reflection.MonoMethod,object,object[],System.Exception&)
  at System.Reflection.MonoMethod.Invoke (System.Object obj, System.Reflection.BindingFlags invokeAttr, System.Reflection.Binder binder, System.Object[] parameters, System.Globalization.CultureInfo culture) [0x00032] in <695d1cc93cca45069c528c15c9fdd749>:0 
   --- End of inner exception stack trace ---
  at System.Reflection.MonoMethod.Invoke (System.Object obj, System.Reflection.BindingFlags invokeAttr, System.Reflection.Binder binder, System.Object[] parameters, System.Globalization.CultureInfo culture) [0x00048] in <695d1cc93cca45069c528c15c9fdd749>:0 
  at System.Reflection.MethodBase.Invoke (System.Object obj, System.Object[] parameters) [0x00000] in <695d1cc93cca45069c528c15c9fdd749>:0 
  at UnityEditor.EditorAssemblies.ProcessInitializeOnLoadMethodAttributes () [0x00047] in <d0e4b8c1204147f3935b6e9c8b8565ad>:0 
UnityEngine.StackTraceUtility:ExtractStackTrace ()
UnityEngine.DebugLogHandler:LogFormat (UnityEngine.LogType,UnityEngine.Object,string,object[])
UnityEngine.Logger:Log (UnityEngine.LogType,object)
UnityEngine.Debug:LogError (object)
UnityEditor.EditorAssemblies:ProcessInitializeOnLoadMethodAttributes ()

Mono: successfully reloaded assembly
- Completed reload, in  4.156 seconds
Domain Reload Profiling:
	ReloadAssembly (4201ms)
		BeginReloadAssembly (1299ms)
			ExecutionOrderSort (0ms)
			DisableScriptedObjects (99ms)
			BackupInstance (0ms)
			ReleaseScriptingObjects (1ms)
			CreateAndSetChildDomain (755ms)
		EndReloadAssembly (2723ms)
			LoadAssemblies (199ms)
			RebuildTransferFunctionScriptingTraits (0ms)
			SetupTypeCache (663ms)
			ReleaseScriptCaches (3ms)
			RebuildScriptCaches (96ms)
			SetupLoadedEditorAssemblies (866ms)
				LogAssemblyErrors (0ms)
				InitializePlatformSupportModulesInManaged (7ms)
				SetLoadedEditorAssemblies (1ms)
				RefreshPlugins (2ms)
				BeforeProcessingInitializeOnLoad (139ms)
				ProcessInitializeOnLoadAttributes (627ms)
				ProcessInitializeOnLoadMethodAttributes (86ms)
				AfterProcessingInitializeOnLoad (3ms)
				EditorAssembliesLoaded (0ms)
			ExecutionOrderSort2 (0ms)
			AwakeInstancesAfterBackupRestoration (17ms)
Platform modules already initialized, skipping
Switching build target platform(19) subTarget(0) extendedPlatform(0) -> platform(13) subTarget(524294) extendedPlatform(0)
Refreshing native plugins compatible for Editor in 2.37 ms, found 8 plugins.
Preloading 1 native plugins for Editor in 0.09 ms.
Unloading 3878 Unused Serialized files (Serialized files now loaded: 0)
System memory in use before: 168.2 MB.
System memory in use after: 168.4 MB.

Unloading 58 unused Assets to reduce memory usage. Loaded Objects now: 4532.
Total: 10.253300 ms (FindLiveObjects: 1.810600 ms CreateObjectMapping: 0.779000 ms MarkObjects: 7.564900 ms  DeleteObjects: 0.094000 ms)

AssetImportParameters requested are different than current active one (requested -> active):
  custom:framework-win-MediaFoundation: 216162199b28c13a410421893ffa2e32 -> 
  custom:video-decoder-ogg-theora: a1e56fd34408186e4bbccfd4996cb3dc -> 
  custom:container-muxer-webm: aa71ff27fc2769a1b78a27578f13a17b -> 
  custom:container-demuxer-webm: 4f35f7cbe854078d1ac9338744f61a02 -> 
  custom:container-demuxer-ogg: 62fdf1f143b41e24485cea50d1cbac27 -> 
  custom:video-encoder-webm-vp8: eb34c28f22e8b96e1ab97ce403110664 -> 
  custom:video-codec-MediaFoundation-h265: 746d11721c4dcdbdad8f713fa42b33f4 -> 
  custom:video-decoder-webm-vp8: 9c59270c3fd7afecdb556c50c9e8de78 -> 
  custom:graphics/normal-map-encoding: 01000000000000000000000000000000 -> 02000000000000000000000000000000
  custom:audio-decoder-ogg-vorbis: bf7c407c2cedff20999df2af8eb42d56 -> 
  custom:audio-encoder-webm-vorbis: bf7c407c2cedff20999df2af8eb42d56 -> 
AssetImportWorkerClient::OnTransportError - code=2 error=End of file
